Sun Mar 17 18:04:33 CET 2019
OsmAndMapCreator 3.0 
Mar 17, 2019 6:04:33 PM net.osmand.osm.MapRenderingTypes initFromInputStream
INFO: Time to init poi types 78
Mar 17, 2019 6:04:35 PM net.osmand.osm.MapRenderingTypes init
INFO: Time to init 1532
Mar 17, 2019 6:04:35 PM net.osmand.obf.preparation.IndexCreator getDatabaseConnection
INFO: SQLITE running in native mode
Mar 17, 2019 6:04:35 PM net.osmand.obf.preparation.IndexPoiCreator getDatabaseConnection
INFO: SQLITE running in native mode
Mar 17, 2019 6:04:35 PM net.osmand.obf.preparation.IndexCreator getDatabaseConnection
INFO: SQLITE running in native mode
Mar 17, 2019 6:04:35 PM net.osmand.impl.ConsoleProgressImplementation startTaskLong
FINE: Memory before task exec: 142606336 free : 62976392
Mar 17, 2019 6:04:35 PM net.osmand.impl.ConsoleProgressImplementation startTaskLong
INFO: loading_file/home/pietervdvn/git/pietervdvn.github.io/Quickmaps/cache/Ski/France - Bourg-Saint-Maurice.osm started - -1
Mar 17, 2019 6:04:35 PM net.osmand.impl.ConsoleProgressImplementation startWorkLong
INFO: Task loading_file/home/pietervdvn/git/pietervdvn.github.io/Quickmaps/cache/Ski/France - Bourg-Saint-Maurice.osm: work total has changed to -1
Mar 17, 2019 6:04:35 PM net.osmand.impl.ConsoleProgressImplementation startWorkLong
INFO: Task loading_file/home/pietervdvn/git/pietervdvn.github.io/Quickmaps/cache/Ski/France - Bourg-Saint-Maurice.osm: work total has changed to 3052246
Mar 17, 2019 6:04:35 PM net.osmand.impl.ConsoleProgressImplementation finishTask
INFO: Task loading_file/home/pietervdvn/git/pietervdvn.github.io/Quickmaps/cache/Ski/France - Bourg-Saint-Maurice.osm is finished 
Mar 17, 2019 6:04:35 PM net.osmand.obf.preparation.IndexCreator extractOsmToNodesDB
INFO: File parsed : 115
Mar 17, 2019 6:04:35 PM net.osmand.impl.ConsoleProgressImplementation finishTask
INFO: Task null is finished 
Mar 17, 2019 6:04:35 PM net.osmand.obf.preparation.IndexCreator extractOsmToNodesDB
INFO: File indexed : 116
Mar 17, 2019 6:04:35 PM net.osmand.impl.ConsoleProgressImplementation startTaskLong
FINE: Memory before task exec: 142606336 free : 32172424
Mar 17, 2019 6:04:35 PM net.osmand.impl.ConsoleProgressImplementation startTaskLong
INFO: index_cities started after 112 ms - 0
Mar 17, 2019 6:04:35 PM net.osmand.impl.ConsoleProgressImplementation startWorkLong
INFO: Task index_cities: work total has changed to 0
Mar 17, 2019 6:04:35 PM net.osmand.impl.ConsoleProgressImplementation startTaskLong
FINE: Memory before task exec: 142606336 free : 32172424
Mar 17, 2019 6:04:35 PM net.osmand.impl.ConsoleProgressImplementation startTaskLong
INFO: preindex_boundaries_relations started after 1 ms - 0
Mar 17, 2019 6:04:35 PM net.osmand.impl.ConsoleProgressImplementation startTaskLong
FINE: Memory before task exec: 142606336 free : 32140064
Mar 17, 2019 6:04:35 PM net.osmand.impl.ConsoleProgressImplementation startTaskLong
INFO: preindex_boundaries_ways started after 153 ms - 0
Mar 17, 2019 6:04:35 PM net.osmand.impl.ConsoleProgressImplementation startTaskLong
FINE: Memory before task exec: 142606336 free : 31091488
Mar 17, 2019 6:04:35 PM net.osmand.impl.ConsoleProgressImplementation startTaskLong
INFO: bind_cities_and_boundaries started after 152 ms - 100
Mar 17, 2019 6:04:35 PM net.osmand.impl.ConsoleProgressImplementation startWorkLong
INFO: Task bind_cities_and_boundaries: work total has changed to 100
Mar 17, 2019 6:04:35 PM net.osmand.impl.ConsoleProgressImplementation startWorkLong
INFO: Task bind_cities_and_boundaries: work total has changed to 0
Mar 17, 2019 6:04:35 PM net.osmand.impl.ConsoleProgressImplementation startTaskLong
FINE: Memory before task exec: 142606336 free : 31091488
Mar 17, 2019 6:04:35 PM net.osmand.impl.ConsoleProgressImplementation startTaskLong
INFO: preindex_adress_map started after 1 ms - 0
Mar 17, 2019 6:04:35 PM net.osmand.impl.ConsoleProgressImplementation startTaskLong
FINE: Memory before task exec: 142606336 free : 30167184
Mar 17, 2019 6:04:35 PM net.osmand.impl.ConsoleProgressImplementation startTaskLong
INFO: process_osm_nodes started after 153 ms - 0
Mar 17, 2019 6:04:35 PM net.osmand.impl.ConsoleProgressImplementation startTaskLong
FINE: Memory before task exec: 142606336 free : 29118608
Mar 17, 2019 6:04:35 PM net.osmand.impl.ConsoleProgressImplementation startTaskLong
INFO: process_osm_ways started after 153 ms - 0
Mar 17, 2019 6:04:36 PM net.osmand.impl.ConsoleProgressImplementation startTaskLong
FINE: Memory before task exec: 142606336 free : 28070032
Mar 17, 2019 6:04:36 PM net.osmand.impl.ConsoleProgressImplementation startTaskLong
INFO: process_osm_rel started after 153 ms - 0
Mar 17, 2019 6:04:36 PM net.osmand.impl.ConsoleProgressImplementation startTaskLong
FINE: Memory before task exec: 142606336 free : 27021456
Mar 17, 2019 6:04:36 PM net.osmand.impl.ConsoleProgressImplementation startTaskLong
INFO: index_lo_level_ways started after 152 ms - -1
Mar 17, 2019 6:04:36 PM net.osmand.impl.ConsoleProgressImplementation startWorkLong
INFO: Task index_lo_level_ways: work total has changed to -1
Mar 17, 2019 6:04:36 PM net.osmand.impl.ConsoleProgressImplementation startTaskLong
FINE: Memory before task exec: 142606336 free : 26897184
Mar 17, 2019 6:04:36 PM net.osmand.impl.ConsoleProgressImplementation startTaskLong
INFO: pack_rtree_map started after 3 ms - -1
Mar 17, 2019 6:04:36 PM net.osmand.impl.ConsoleProgressImplementation startTaskLong
FINE: Memory before task exec: 142606336 free : 26370848
Mar 17, 2019 6:04:36 PM net.osmand.impl.ConsoleProgressImplementation startTaskLong
INFO: pack_rtree_transp started after 25 ms - -1
Mar 17, 2019 6:04:36 PM net.osmand.impl.ConsoleProgressImplementation startTaskLong
FINE: Memory before task exec: 142606336 free : 25848608
Mar 17, 2019 6:04:36 PM net.osmand.impl.ConsoleProgressImplementation startTaskLong
INFO: Writing map index to binary file... started after 17 ms - -1
Mar 17, 2019 6:04:36 PM net.osmand.obf.preparation.BinaryMapIndexWriter endWriteMapIndex
INFO: MAP INDEX SIZE : 30
Mar 17, 2019 6:04:36 PM net.osmand.impl.ConsoleProgressImplementation startTaskLong
FINE: Memory before task exec: 142606336 free : 25848608
Mar 17, 2019 6:04:36 PM net.osmand.impl.ConsoleProgressImplementation startTaskLong
INFO: Writing route index to binary file... started after 5 ms - -1
Mar 17, 2019 6:04:36 PM net.osmand.obf.preparation.BinaryMapIndexWriter simulateWriteEndRouteIndex
INFO: PREROUTE INDEX SIZE : 30
Mar 17, 2019 6:04:36 PM net.osmand.obf.preparation.BinaryMapIndexWriter endWriteRouteIndex
INFO: - ROUTE TYPE SIZE SIZE 0
Mar 17, 2019 6:04:36 PM net.osmand.obf.preparation.BinaryMapIndexWriter endWriteRouteIndex
INFO: - ROUTE COORDINATES SIZE 0 COUNT 0
Mar 17, 2019 6:04:36 PM net.osmand.obf.preparation.BinaryMapIndexWriter endWriteRouteIndex
INFO: - ROUTE POINTS SIZE 0
Mar 17, 2019 6:04:36 PM net.osmand.obf.preparation.BinaryMapIndexWriter endWriteRouteIndex
INFO: - ROUTE STRING SIZE 0
Mar 17, 2019 6:04:36 PM net.osmand.obf.preparation.BinaryMapIndexWriter endWriteRouteIndex
INFO: - ROUTE ID SIZE 0
Mar 17, 2019 6:04:36 PM net.osmand.obf.preparation.BinaryMapIndexWriter endWriteRouteIndex
INFO: -- ROUTE_DATA 0
Mar 17, 2019 6:04:36 PM net.osmand.obf.preparation.BinaryMapIndexWriter endWriteRouteIndex
INFO: ROUTE INDEX SIZE : 30
Mar 17, 2019 6:04:36 PM net.osmand.impl.ConsoleProgressImplementation startTaskLong
FINE: Memory before task exec: 142606336 free : 23225120
Mar 17, 2019 6:04:36 PM net.osmand.impl.ConsoleProgressImplementation startTaskLong
INFO: Writing address index to binary file... started after 77 ms - -1
Mar 17, 2019 6:04:36 PM net.osmand.impl.ConsoleProgressImplementation startTaskLong
FINE: Memory before task exec: 142606336 free : 23225120
Mar 17, 2019 6:04:36 PM net.osmand.impl.ConsoleProgressImplementation startTaskLong
INFO: Process postcode boundaries started after 1 ms - 0
Mar 17, 2019 6:04:36 PM net.osmand.impl.ConsoleProgressImplementation startWorkLong
INFO: Task Process postcode boundaries: work total has changed to 0
Mar 17, 2019 6:04:36 PM net.osmand.impl.ConsoleProgressImplementation startTaskLong
FINE: Memory before task exec: 142606336 free : 21654304
Mar 17, 2019 6:04:36 PM net.osmand.impl.ConsoleProgressImplementation startTaskLong
INFO: serializing_address started after 65 ms - 1
Mar 17, 2019 6:04:36 PM net.osmand.impl.ConsoleProgressImplementation startWorkLong
INFO: Task serializing_address: work total has changed to 1
Mar 17, 2019 6:04:36 PM net.osmand.obf.preparation.BinaryMapIndexWriter endCityBlockIndex
INFO: CITIES size 2
Mar 17, 2019 6:04:36 PM net.osmand.obf.preparation.BinaryMapIndexWriter endCityBlockIndex
INFO: CITIES size 2
Mar 17, 2019 6:04:36 PM net.osmand.obf.preparation.BinaryMapIndexWriter endCityBlockIndex
INFO: CITIES size 2
Mar 17, 2019 6:04:36 PM net.osmand.impl.ConsoleProgressImplementation finishTask
INFO: Task serializing_address is finished 
Mar 17, 2019 6:04:36 PM net.osmand.obf.preparation.BinaryMapIndexWriter writeAddressNameIndex
INFO: ADDRESS NAME INDEX SIZE : 5
Mar 17, 2019 6:04:36 PM net.osmand.obf.preparation.BinaryMapIndexWriter endWriteAddressIndex
INFO: ADDRESS INDEX SIZE : 93
Mar 17, 2019 6:04:36 PM net.osmand.impl.ConsoleProgressImplementation startTaskLong
FINE: Memory before task exec: 142606336 free : 21127968
Mar 17, 2019 6:04:36 PM net.osmand.impl.ConsoleProgressImplementation startTaskLong
INFO: Writing poi index to binary file... started after 5 ms - -1
Mar 17, 2019 6:04:36 PM net.osmand.impl.ConsoleProgressImplementation startWorkLong
INFO: Task Writing poi index to binary file...: work total has changed to -1
Mar 17, 2019 6:04:36 PM net.osmand.impl.ConsoleProgressImplementation startWorkLong
INFO: Task null: work total has changed to 1000000
Mar 17, 2019 6:04:36 PM net.osmand.obf.preparation.IndexPoiCreator processPOIIntoTree
INFO: Poi processing finished
Mar 17, 2019 6:04:36 PM net.osmand.obf.preparation.IndexPoiCreator writeBinaryPoiIndex
INFO: Poi box processing finished
Mar 17, 2019 6:04:36 PM net.osmand.obf.preparation.BinaryMapIndexWriter endWritePoiIndex
INFO: POI INDEX SIZE : 60
Mar 17, 2019 6:04:36 PM net.osmand.impl.ConsoleProgressImplementation startTaskLong
FINE: Memory before task exec: 142606336 free : 21127968
Mar 17, 2019 6:04:36 PM net.osmand.impl.ConsoleProgressImplementation startTaskLong
INFO: Writing transport index to binary file... started after 23 ms - -1
Mar 17, 2019 6:04:36 PM net.osmand.obf.preparation.BinaryMapIndexWriter endWriteTransportIndex
INFO: TRANSPORT INDEX SIZE : 100
Mar 17, 2019 6:04:36 PM net.osmand.obf.preparation.IndexTransportCreator writeBinaryTransportIndex
INFO: GtfsInfoStats [avgWaitDiff30Sec=0, avgStopDiff30Sec=0, errorsTimeParsing=0, successTripsParsing=0, errorsTripsStopCounts=0]
Mar 17, 2019 6:04:36 PM net.osmand.impl.ConsoleProgressImplementation finishTask
INFO: Task Writing transport index to binary file... is finished 
Mar 17, 2019 6:04:36 PM net.osmand.obf.preparation.IndexCreator generateIndexes
INFO: Finish writing binary file
