Sat Mar 23 20:17:13 CET 2019
OsmAndMapCreator 3.0 
Mar 23, 2019 8:17:13 PM net.osmand.osm.MapRenderingTypes initFromInputStream
INFO: Time to init poi types 107
Mar 23, 2019 8:17:15 PM net.osmand.osm.MapRenderingTypes init
INFO: Time to init 2068
Mar 23, 2019 8:17:15 PM net.osmand.obf.preparation.IndexCreator getDatabaseConnection
INFO: SQLITE running in native mode
Mar 23, 2019 8:17:15 PM net.osmand.obf.preparation.IndexPoiCreator getDatabaseConnection
INFO: SQLITE running in native mode
Mar 23, 2019 8:17:15 PM net.osmand.obf.preparation.IndexCreator getDatabaseConnection
INFO: SQLITE running in native mode
Mar 23, 2019 8:17:15 PM net.osmand.impl.ConsoleProgressImplementation startTaskLong
FINE: Memory before task exec: 266338304 free : 220701776
Mar 23, 2019 8:17:15 PM net.osmand.impl.ConsoleProgressImplementation startTaskLong
INFO: loading_file/home/pietervdvn/git/pietervdvn.github.io/Quickmaps/cache/Ski/LaPlagne.osm started - -1
Mar 23, 2019 8:17:15 PM net.osmand.impl.ConsoleProgressImplementation startWorkLong
INFO: Task loading_file/home/pietervdvn/git/pietervdvn.github.io/Quickmaps/cache/Ski/LaPlagne.osm: work total has changed to -1
Mar 23, 2019 8:17:15 PM net.osmand.impl.ConsoleProgressImplementation startWorkLong
INFO: Task loading_file/home/pietervdvn/git/pietervdvn.github.io/Quickmaps/cache/Ski/LaPlagne.osm: work total has changed to 0
Mar 23, 2019 8:17:15 PM net.osmand.impl.ConsoleProgressImplementation finishTask
INFO: Task loading_file/home/pietervdvn/git/pietervdvn.github.io/Quickmaps/cache/Ski/LaPlagne.osm is finished 
Mar 23, 2019 8:17:15 PM net.osmand.obf.preparation.IndexCreator extractOsmToNodesDB
INFO: File parsed : 15
Mar 23, 2019 8:17:15 PM net.osmand.impl.ConsoleProgressImplementation finishTask
INFO: Task null is finished 
Mar 23, 2019 8:17:15 PM net.osmand.obf.preparation.IndexCreator extractOsmToNodesDB
INFO: File indexed : 19
Mar 23, 2019 8:17:15 PM net.osmand.impl.ConsoleProgressImplementation startTaskLong
FINE: Memory before task exec: 266338304 free : 220701776
Mar 23, 2019 8:17:15 PM net.osmand.impl.ConsoleProgressImplementation startTaskLong
INFO: preindex_boundaries_relations started after 18 ms - 0
Mar 23, 2019 8:17:16 PM net.osmand.impl.ConsoleProgressImplementation startTaskLong
FINE: Memory before task exec: 266338304 free : 219777472
Mar 23, 2019 8:17:16 PM net.osmand.impl.ConsoleProgressImplementation startTaskLong
INFO: process_osm_nodes started after 156 ms - 0
Mar 23, 2019 8:17:16 PM net.osmand.impl.ConsoleProgressImplementation startTaskLong
FINE: Memory before task exec: 266338304 free : 218604624
Mar 23, 2019 8:17:16 PM net.osmand.impl.ConsoleProgressImplementation startTaskLong
INFO: process_osm_ways started after 158 ms - 0
Mar 23, 2019 8:17:16 PM net.osmand.impl.ConsoleProgressImplementation startTaskLong
FINE: Memory before task exec: 266338304 free : 218602576
Mar 23, 2019 8:17:16 PM net.osmand.impl.ConsoleProgressImplementation startTaskLong
INFO: process_osm_rel started after 152 ms - 0
Mar 23, 2019 8:17:16 PM net.osmand.impl.ConsoleProgressImplementation startTaskLong
FINE: Memory before task exec: 266338304 free : 217678272
Mar 23, 2019 8:17:16 PM net.osmand.impl.ConsoleProgressImplementation startTaskLong
INFO: index_lo_level_ways started after 153 ms - -1
Mar 23, 2019 8:17:16 PM net.osmand.impl.ConsoleProgressImplementation startWorkLong
INFO: Task index_lo_level_ways: work total has changed to -1
Mar 23, 2019 8:17:16 PM net.osmand.impl.ConsoleProgressImplementation startTaskLong
FINE: Memory before task exec: 266338304 free : 217556048
Mar 23, 2019 8:17:16 PM net.osmand.impl.ConsoleProgressImplementation startTaskLong
INFO: pack_rtree_map started after 3 ms - -1
Mar 23, 2019 8:17:16 PM net.osmand.impl.ConsoleProgressImplementation startTaskLong
FINE: Memory before task exec: 266338304 free : 217023392
Mar 23, 2019 8:17:16 PM net.osmand.impl.ConsoleProgressImplementation startTaskLong
INFO: Writing map index to binary file... started after 33 ms - -1
Mar 23, 2019 8:17:16 PM net.osmand.obf.preparation.BinaryMapIndexWriter endWriteMapIndex
INFO: MAP INDEX SIZE : 10
Mar 23, 2019 8:17:16 PM net.osmand.impl.ConsoleProgressImplementation startTaskLong
FINE: Memory before task exec: 266338304 free : 216507472
Mar 23, 2019 8:17:16 PM net.osmand.impl.ConsoleProgressImplementation startTaskLong
INFO: Writing route index to binary file... started after 7 ms - -1
Mar 23, 2019 8:17:16 PM net.osmand.obf.preparation.BinaryMapIndexWriter simulateWriteEndRouteIndex
INFO: PREROUTE INDEX SIZE : 10
Mar 23, 2019 8:17:16 PM net.osmand.obf.preparation.BinaryMapIndexWriter endWriteRouteIndex
INFO: - ROUTE TYPE SIZE SIZE 0
Mar 23, 2019 8:17:16 PM net.osmand.obf.preparation.BinaryMapIndexWriter endWriteRouteIndex
INFO: - ROUTE COORDINATES SIZE 0 COUNT 0
Mar 23, 2019 8:17:16 PM net.osmand.obf.preparation.BinaryMapIndexWriter endWriteRouteIndex
INFO: - ROUTE POINTS SIZE 0
Mar 23, 2019 8:17:16 PM net.osmand.obf.preparation.BinaryMapIndexWriter endWriteRouteIndex
INFO: - ROUTE STRING SIZE 0
Mar 23, 2019 8:17:16 PM net.osmand.obf.preparation.BinaryMapIndexWriter endWriteRouteIndex
INFO: - ROUTE ID SIZE 0
Mar 23, 2019 8:17:16 PM net.osmand.obf.preparation.BinaryMapIndexWriter endWriteRouteIndex
INFO: -- ROUTE_DATA 0
Mar 23, 2019 8:17:16 PM net.osmand.obf.preparation.BinaryMapIndexWriter endWriteRouteIndex
INFO: ROUTE INDEX SIZE : 10
Mar 23, 2019 8:17:16 PM net.osmand.impl.ConsoleProgressImplementation startTaskLong
FINE: Memory before task exec: 266338304 free : 213883984
Mar 23, 2019 8:17:16 PM net.osmand.impl.ConsoleProgressImplementation startTaskLong
INFO: Writing poi index to binary file... started after 84 ms - -1
Mar 23, 2019 8:17:16 PM net.osmand.impl.ConsoleProgressImplementation startWorkLong
INFO: Task null: work total has changed to 1000000
Mar 23, 2019 8:17:16 PM net.osmand.obf.preparation.IndexPoiCreator processPOIIntoTree
INFO: Poi processing finished
Mar 23, 2019 8:17:16 PM net.osmand.obf.preparation.IndexPoiCreator writeBinaryPoiIndex
INFO: Poi box processing finished
Mar 23, 2019 8:17:16 PM net.osmand.obf.preparation.BinaryMapIndexWriter endWritePoiIndex
INFO: POI INDEX SIZE : 40
Mar 23, 2019 8:17:16 PM net.osmand.impl.ConsoleProgressImplementation finishTask
INFO: Task Writing poi index to binary file... is finished 
Mar 23, 2019 8:17:16 PM net.osmand.obf.preparation.IndexCreator generateIndexes
INFO: Finish writing binary file
