Sat Mar 23 20:15:30 CET 2019
OsmAndMapCreator 3.0 
Mar 23, 2019 8:15:30 PM net.osmand.osm.MapRenderingTypes init
INFO: Time to init 477
Mar 23, 2019 8:15:30 PM net.osmand.obf.preparation.IndexCreator getDatabaseConnection
INFO: SQLITE running in native mode
Mar 23, 2019 8:15:30 PM net.osmand.obf.preparation.IndexPoiCreator getDatabaseConnection
INFO: SQLITE running in native mode
Mar 23, 2019 8:15:30 PM net.osmand.obf.preparation.IndexCreator getDatabaseConnection
INFO: SQLITE running in native mode
Mar 23, 2019 8:15:30 PM net.osmand.impl.ConsoleProgressImplementation startTaskLong
FINE: Memory before task exec: 134217728 free : 95142840
Mar 23, 2019 8:15:30 PM net.osmand.impl.ConsoleProgressImplementation startTaskLong
INFO: loading_file/home/pietervdvn/git/pietervdvn.github.io/Quickmaps/cache/Ski/SantaCristina.osm started - -1
Mar 23, 2019 8:15:30 PM net.osmand.impl.ConsoleProgressImplementation startWorkLong
INFO: Task loading_file/home/pietervdvn/git/pietervdvn.github.io/Quickmaps/cache/Ski/SantaCristina.osm: work total has changed to -1
Mar 23, 2019 8:15:30 PM net.osmand.impl.ConsoleProgressImplementation startWorkLong
INFO: Task loading_file/home/pietervdvn/git/pietervdvn.github.io/Quickmaps/cache/Ski/SantaCristina.osm: work total has changed to 0
Mar 23, 2019 8:15:30 PM net.osmand.impl.ConsoleProgressImplementation finishTask
INFO: Task loading_file/home/pietervdvn/git/pietervdvn.github.io/Quickmaps/cache/Ski/SantaCristina.osm is finished 
Mar 23, 2019 8:15:30 PM net.osmand.obf.preparation.IndexCreator extractOsmToNodesDB
INFO: File parsed : 12
Mar 23, 2019 8:15:30 PM net.osmand.impl.ConsoleProgressImplementation finishTask
INFO: Task null is finished 
Mar 23, 2019 8:15:30 PM net.osmand.obf.preparation.IndexCreator extractOsmToNodesDB
INFO: File indexed : 14
Mar 23, 2019 8:15:30 PM net.osmand.impl.ConsoleProgressImplementation startTaskLong
FINE: Memory before task exec: 134217728 free : 94749800
Mar 23, 2019 8:15:30 PM net.osmand.impl.ConsoleProgressImplementation startTaskLong
INFO: preindex_boundaries_relations started after 12 ms - 0
Mar 23, 2019 8:15:30 PM net.osmand.impl.ConsoleProgressImplementation startTaskLong
FINE: Memory before task exec: 134217728 free : 93825496
Mar 23, 2019 8:15:30 PM net.osmand.impl.ConsoleProgressImplementation startTaskLong
INFO: process_osm_nodes started after 158 ms - 0
Mar 23, 2019 8:15:31 PM net.osmand.impl.ConsoleProgressImplementation startTaskLong
FINE: Memory before task exec: 134217728 free : 92776920
Mar 23, 2019 8:15:31 PM net.osmand.impl.ConsoleProgressImplementation startTaskLong
INFO: process_osm_ways started after 155 ms - 0
Mar 23, 2019 8:15:31 PM net.osmand.impl.ConsoleProgressImplementation startTaskLong
FINE: Memory before task exec: 134217728 free : 91728344
Mar 23, 2019 8:15:31 PM net.osmand.impl.ConsoleProgressImplementation startTaskLong
INFO: process_osm_rel started after 151 ms - 0
Mar 23, 2019 8:15:31 PM net.osmand.impl.ConsoleProgressImplementation startTaskLong
FINE: Memory before task exec: 134217728 free : 90679768
Mar 23, 2019 8:15:31 PM net.osmand.impl.ConsoleProgressImplementation startTaskLong
INFO: index_lo_level_ways started after 152 ms - -1
Mar 23, 2019 8:15:31 PM net.osmand.impl.ConsoleProgressImplementation startWorkLong
INFO: Task index_lo_level_ways: work total has changed to -1
Mar 23, 2019 8:15:31 PM net.osmand.impl.ConsoleProgressImplementation startTaskLong
FINE: Memory before task exec: 134217728 free : 90679768
Mar 23, 2019 8:15:31 PM net.osmand.impl.ConsoleProgressImplementation startTaskLong
INFO: pack_rtree_map started after 9 ms - -1
Mar 23, 2019 8:15:31 PM net.osmand.impl.ConsoleProgressImplementation startTaskLong
FINE: Memory before task exec: 134217728 free : 89846856
Mar 23, 2019 8:15:31 PM net.osmand.impl.ConsoleProgressImplementation startTaskLong
INFO: Writing map index to binary file... started after 28 ms - -1
Mar 23, 2019 8:15:31 PM net.osmand.obf.preparation.BinaryMapIndexWriter endWriteMapIndex
INFO: MAP INDEX SIZE : 15
Mar 23, 2019 8:15:31 PM net.osmand.impl.ConsoleProgressImplementation startTaskLong
FINE: Memory before task exec: 134217728 free : 89846856
Mar 23, 2019 8:15:31 PM net.osmand.impl.ConsoleProgressImplementation startTaskLong
INFO: Writing route index to binary file... started after 3 ms - -1
Mar 23, 2019 8:15:31 PM net.osmand.obf.preparation.BinaryMapIndexWriter simulateWriteEndRouteIndex
INFO: PREROUTE INDEX SIZE : 15
Mar 23, 2019 8:15:31 PM net.osmand.obf.preparation.BinaryMapIndexWriter endWriteRouteIndex
INFO: - ROUTE TYPE SIZE SIZE 0
Mar 23, 2019 8:15:31 PM net.osmand.obf.preparation.BinaryMapIndexWriter endWriteRouteIndex
INFO: - ROUTE COORDINATES SIZE 0 COUNT 0
Mar 23, 2019 8:15:31 PM net.osmand.obf.preparation.BinaryMapIndexWriter endWriteRouteIndex
INFO: - ROUTE POINTS SIZE 0
Mar 23, 2019 8:15:31 PM net.osmand.obf.preparation.BinaryMapIndexWriter endWriteRouteIndex
INFO: - ROUTE STRING SIZE 0
Mar 23, 2019 8:15:31 PM net.osmand.obf.preparation.BinaryMapIndexWriter endWriteRouteIndex
INFO: - ROUTE ID SIZE 0
Mar 23, 2019 8:15:31 PM net.osmand.obf.preparation.BinaryMapIndexWriter endWriteRouteIndex
INFO: -- ROUTE_DATA 0
Mar 23, 2019 8:15:31 PM net.osmand.obf.preparation.BinaryMapIndexWriter endWriteRouteIndex
INFO: ROUTE INDEX SIZE : 15
Mar 23, 2019 8:15:31 PM net.osmand.impl.ConsoleProgressImplementation startTaskLong
FINE: Memory before task exec: 134217728 free : 86883432
Mar 23, 2019 8:15:31 PM net.osmand.impl.ConsoleProgressImplementation startTaskLong
INFO: Writing poi index to binary file... started after 89 ms - -1
Mar 23, 2019 8:15:31 PM net.osmand.impl.ConsoleProgressImplementation startWorkLong
INFO: Task null: work total has changed to 1000000
Mar 23, 2019 8:15:31 PM net.osmand.obf.preparation.IndexPoiCreator processPOIIntoTree
INFO: Poi processing finished
Mar 23, 2019 8:15:31 PM net.osmand.obf.preparation.IndexPoiCreator writeBinaryPoiIndex
INFO: Poi box processing finished
Mar 23, 2019 8:15:31 PM net.osmand.obf.preparation.BinaryMapIndexWriter endWritePoiIndex
INFO: POI INDEX SIZE : 45
Mar 23, 2019 8:15:31 PM net.osmand.impl.ConsoleProgressImplementation finishTask
INFO: Task Writing poi index to binary file... is finished 
Mar 23, 2019 8:15:31 PM net.osmand.obf.preparation.IndexCreator generateIndexes
INFO: Finish writing binary file
